
*** Running vivado
    with args -log Top_Student.vds -m64 -product Vivado -mode batch -messageDb vivado.pb -notrace -source Top_Student.tcl


****** Vivado v2018.2 (64-bit)
  **** SW Build 2258646 on Thu Jun 14 20:03:12 MDT 2018
  **** IP Build 2256618 on Thu Jun 14 22:10:49 MDT 2018
    ** Copyright 1986-2018 Xilinx, Inc. All Rights Reserved.

source Top_Student.tcl -notrace
Command: synth_design -top Top_Student -part xc7a35tcpg236-1
Starting synth_design
Attempting to get a license for feature 'Synthesis' and/or device 'xc7a35t'
INFO: [Common 17-349] Got license for feature 'Synthesis' and/or device 'xc7a35t'
INFO: Launching helper process for spawning children vivado processes
INFO: Helper process launched with PID 8096 
WARNING: [Synth 8-992] clk20K is already implicitly declared earlier [C:/Users/Nazrul/Desktop/MouseAudioDisplay.xpr/MouseAudioDisplay/MouseAudioDisplay.srcs/sources_1/new/Top_Student.v:40]
---------------------------------------------------------------------------------
Starting RTL Elaboration : Time (s): cpu = 00:00:02 ; elapsed = 00:00:03 . Memory (MB): peak = 368.180 ; gain = 111.336
---------------------------------------------------------------------------------
INFO: [Synth 8-6157] synthesizing module 'Top_Student' [C:/Users/Nazrul/Desktop/MouseAudioDisplay.xpr/MouseAudioDisplay/MouseAudioDisplay.srcs/sources_1/new/Top_Student.v:14]
INFO: [Synth 8-6157] synthesizing module 'Audio_Input' [C:/Users/Nazrul/Desktop/MouseAudioDisplay.xpr/MouseAudioDisplay/MouseAudioDisplay.srcs/sources_1/imports/Desktop/Audio_Input.v:25]
INFO: [Synth 8-6155] done synthesizing module 'Audio_Input' (1#1) [C:/Users/Nazrul/Desktop/MouseAudioDisplay.xpr/MouseAudioDisplay/MouseAudioDisplay.srcs/sources_1/imports/Desktop/Audio_Input.v:25]
INFO: [Synth 8-6157] synthesizing module 'unit_clk_20KHz' [C:/Users/Nazrul/Desktop/MouseAudioDisplay.xpr/MouseAudioDisplay/MouseAudioDisplay.srcs/sources_1/new/unit_clk_20KHz.v:23]
INFO: [Synth 8-6155] done synthesizing module 'unit_clk_20KHz' (2#1) [C:/Users/Nazrul/Desktop/MouseAudioDisplay.xpr/MouseAudioDisplay/MouseAudioDisplay.srcs/sources_1/new/unit_clk_20KHz.v:23]
INFO: [Synth 8-6157] synthesizing module 'ld_control' [C:/Users/Nazrul/Desktop/MouseAudioDisplay.xpr/MouseAudioDisplay/MouseAudioDisplay.srcs/sources_1/new/ld_control.v:23]
INFO: [Synth 8-6155] done synthesizing module 'ld_control' (3#1) [C:/Users/Nazrul/Desktop/MouseAudioDisplay.xpr/MouseAudioDisplay/MouseAudioDisplay.srcs/sources_1/new/ld_control.v:23]
INFO: [Synth 8-6157] synthesizing module 'seg_control' [C:/Users/Nazrul/Desktop/MouseAudioDisplay.xpr/MouseAudioDisplay/MouseAudioDisplay.srcs/sources_1/new/seg_control.v:23]
INFO: [Synth 8-6157] synthesizing module 'custom_clk' [C:/Users/Nazrul/Desktop/MouseAudioDisplay.xpr/MouseAudioDisplay/MouseAudioDisplay.srcs/sources_1/new/custom_clk.v:23]
INFO: [Synth 8-6155] done synthesizing module 'custom_clk' (4#1) [C:/Users/Nazrul/Desktop/MouseAudioDisplay.xpr/MouseAudioDisplay/MouseAudioDisplay.srcs/sources_1/new/custom_clk.v:23]
INFO: [Synth 8-6155] done synthesizing module 'seg_control' (5#1) [C:/Users/Nazrul/Desktop/MouseAudioDisplay.xpr/MouseAudioDisplay/MouseAudioDisplay.srcs/sources_1/new/seg_control.v:23]
INFO: [Synth 8-6155] done synthesizing module 'Top_Student' (6#1) [C:/Users/Nazrul/Desktop/MouseAudioDisplay.xpr/MouseAudioDisplay/MouseAudioDisplay.srcs/sources_1/new/Top_Student.v:14]
WARNING: [Synth 8-3331] design seg_control has unconnected port sw[15]
WARNING: [Synth 8-3331] design seg_control has unconnected port sw[14]
WARNING: [Synth 8-3331] design seg_control has unconnected port sw[13]
WARNING: [Synth 8-3331] design seg_control has unconnected port sw[12]
WARNING: [Synth 8-3331] design seg_control has unconnected port sw[11]
WARNING: [Synth 8-3331] design seg_control has unconnected port sw[10]
WARNING: [Synth 8-3331] design seg_control has unconnected port sw[9]
WARNING: [Synth 8-3331] design seg_control has unconnected port sw[8]
WARNING: [Synth 8-3331] design seg_control has unconnected port sw[7]
WARNING: [Synth 8-3331] design seg_control has unconnected port sw[6]
WARNING: [Synth 8-3331] design seg_control has unconnected port sw[5]
WARNING: [Synth 8-3331] design seg_control has unconnected port sw[4]
WARNING: [Synth 8-3331] design seg_control has unconnected port sw[3]
WARNING: [Synth 8-3331] design seg_control has unconnected port sw[2]
WARNING: [Synth 8-3331] design seg_control has unconnected port sw[1]
WARNING: [Synth 8-3331] design seg_control has unconnected port sw[0]
---------------------------------------------------------------------------------
Finished RTL Elaboration : Time (s): cpu = 00:00:03 ; elapsed = 00:00:04 . Memory (MB): peak = 403.559 ; gain = 146.715
---------------------------------------------------------------------------------

Report Check Netlist: 
+------+------------------+-------+---------+-------+------------------+
|      |Item              |Errors |Warnings |Status |Description       |
+------+------------------+-------+---------+-------+------------------+
|1     |multi_driven_nets |      0|        0|Passed |Multi driven nets |
+------+------------------+-------+---------+-------+------------------+
---------------------------------------------------------------------------------
Start Handling Custom Attributes
---------------------------------------------------------------------------------
---------------------------------------------------------------------------------
Finished Handling Custom Attributes : Time (s): cpu = 00:00:03 ; elapsed = 00:00:04 . Memory (MB): peak = 403.559 ; gain = 146.715
---------------------------------------------------------------------------------
---------------------------------------------------------------------------------
Finished RTL Optimization Phase 1 : Time (s): cpu = 00:00:03 ; elapsed = 00:00:04 . Memory (MB): peak = 403.559 ; gain = 146.715
---------------------------------------------------------------------------------
INFO: [Device 21-403] Loading part xc7a35tcpg236-1
INFO: [Project 1-570] Preparing netlist for logic optimization

Processing XDC Constraints
Initializing timing engine
Parsing XDC File [C:/Users/Nazrul/Desktop/MouseAudioDisplay.xpr/MouseAudioDisplay/MouseAudioDisplay.srcs/constrs_1/new/Basys3_Master.xdc]
WARNING: [Vivado 12-584] No ports matched 'JC[0]'. [C:/Users/Nazrul/Desktop/MouseAudioDisplay.xpr/MouseAudioDisplay/MouseAudioDisplay.srcs/constrs_1/new/Basys3_Master.xdc:182]
CRITICAL WARNING: [Common 17-55] 'set_property' expects at least one object. [C:/Users/Nazrul/Desktop/MouseAudioDisplay.xpr/MouseAudioDisplay/MouseAudioDisplay.srcs/constrs_1/new/Basys3_Master.xdc:182]
Resolution: If [get_<value>] was used to populate the object, check to make sure this command returns at least one valid object.
WARNING: [Vivado 12-584] No ports matched 'JC[0]'. [C:/Users/Nazrul/Desktop/MouseAudioDisplay.xpr/MouseAudioDisplay/MouseAudioDisplay.srcs/constrs_1/new/Basys3_Master.xdc:183]
CRITICAL WARNING: [Common 17-55] 'set_property' expects at least one object. [C:/Users/Nazrul/Desktop/MouseAudioDisplay.xpr/MouseAudioDisplay/MouseAudioDisplay.srcs/constrs_1/new/Basys3_Master.xdc:183]
Resolution: If [get_<value>] was used to populate the object, check to make sure this command returns at least one valid object.
WARNING: [Vivado 12-584] No ports matched 'JC[1]'. [C:/Users/Nazrul/Desktop/MouseAudioDisplay.xpr/MouseAudioDisplay/MouseAudioDisplay.srcs/constrs_1/new/Basys3_Master.xdc:185]
CRITICAL WARNING: [Common 17-55] 'set_property' expects at least one object. [C:/Users/Nazrul/Desktop/MouseAudioDisplay.xpr/MouseAudioDisplay/MouseAudioDisplay.srcs/constrs_1/new/Basys3_Master.xdc:185]
Resolution: If [get_<value>] was used to populate the object, check to make sure this command returns at least one valid object.
WARNING: [Vivado 12-584] No ports matched 'JC[1]'. [C:/Users/Nazrul/Desktop/MouseAudioDisplay.xpr/MouseAudioDisplay/MouseAudioDisplay.srcs/constrs_1/new/Basys3_Master.xdc:186]
CRITICAL WARNING: [Common 17-55] 'set_property' expects at least one object. [C:/Users/Nazrul/Desktop/MouseAudioDisplay.xpr/MouseAudioDisplay/MouseAudioDisplay.srcs/constrs_1/new/Basys3_Master.xdc:186]
Resolution: If [get_<value>] was used to populate the object, check to make sure this command returns at least one valid object.
WARNING: [Vivado 12-584] No ports matched 'JC[2]'. [C:/Users/Nazrul/Desktop/MouseAudioDisplay.xpr/MouseAudioDisplay/MouseAudioDisplay.srcs/constrs_1/new/Basys3_Master.xdc:188]
CRITICAL WARNING: [Common 17-55] 'set_property' expects at least one object. [C:/Users/Nazrul/Desktop/MouseAudioDisplay.xpr/MouseAudioDisplay/MouseAudioDisplay.srcs/constrs_1/new/Basys3_Master.xdc:188]
Resolution: If [get_<value>] was used to populate the object, check to make sure this command returns at least one valid object.
WARNING: [Vivado 12-584] No ports matched 'JC[2]'. [C:/Users/Nazrul/Desktop/MouseAudioDisplay.xpr/MouseAudioDisplay/MouseAudioDisplay.srcs/constrs_1/new/Basys3_Master.xdc:189]
CRITICAL WARNING: [Common 17-55] 'set_property' expects at least one object. [C:/Users/Nazrul/Desktop/MouseAudioDisplay.xpr/MouseAudioDisplay/MouseAudioDisplay.srcs/constrs_1/new/Basys3_Master.xdc:189]
Resolution: If [get_<value>] was used to populate the object, check to make sure this command returns at least one valid object.
WARNING: [Vivado 12-584] No ports matched 'JC[3]'. [C:/Users/Nazrul/Desktop/MouseAudioDisplay.xpr/MouseAudioDisplay/MouseAudioDisplay.srcs/constrs_1/new/Basys3_Master.xdc:191]
CRITICAL WARNING: [Common 17-55] 'set_property' expects at least one object. [C:/Users/Nazrul/Desktop/MouseAudioDisplay.xpr/MouseAudioDisplay/MouseAudioDisplay.srcs/constrs_1/new/Basys3_Master.xdc:191]
Resolution: If [get_<value>] was used to populate the object, check to make sure this command returns at least one valid object.
WARNING: [Vivado 12-584] No ports matched 'JC[3]'. [C:/Users/Nazrul/Desktop/MouseAudioDisplay.xpr/MouseAudioDisplay/MouseAudioDisplay.srcs/constrs_1/new/Basys3_Master.xdc:192]
CRITICAL WARNING: [Common 17-55] 'set_property' expects at least one object. [C:/Users/Nazrul/Desktop/MouseAudioDisplay.xpr/MouseAudioDisplay/MouseAudioDisplay.srcs/constrs_1/new/Basys3_Master.xdc:192]
Resolution: If [get_<value>] was used to populate the object, check to make sure this command returns at least one valid object.
WARNING: [Vivado 12-584] No ports matched 'JC[4]'. [C:/Users/Nazrul/Desktop/MouseAudioDisplay.xpr/MouseAudioDisplay/MouseAudioDisplay.srcs/constrs_1/new/Basys3_Master.xdc:194]
CRITICAL WARNING: [Common 17-55] 'set_property' expects at least one object. [C:/Users/Nazrul/Desktop/MouseAudioDisplay.xpr/MouseAudioDisplay/MouseAudioDisplay.srcs/constrs_1/new/Basys3_Master.xdc:194]
Resolution: If [get_<value>] was used to populate the object, check to make sure this command returns at least one valid object.
WARNING: [Vivado 12-584] No ports matched 'JC[4]'. [C:/Users/Nazrul/Desktop/MouseAudioDisplay.xpr/MouseAudioDisplay/MouseAudioDisplay.srcs/constrs_1/new/Basys3_Master.xdc:195]
CRITICAL WARNING: [Common 17-55] 'set_property' expects at least one object. [C:/Users/Nazrul/Desktop/MouseAudioDisplay.xpr/MouseAudioDisplay/MouseAudioDisplay.srcs/constrs_1/new/Basys3_Master.xdc:195]
Resolution: If [get_<value>] was used to populate the object, check to make sure this command returns at least one valid object.
WARNING: [Vivado 12-584] No ports matched 'JC[5]'. [C:/Users/Nazrul/Desktop/MouseAudioDisplay.xpr/MouseAudioDisplay/MouseAudioDisplay.srcs/constrs_1/new/Basys3_Master.xdc:197]
CRITICAL WARNING: [Common 17-55] 'set_property' expects at least one object. [C:/Users/Nazrul/Desktop/MouseAudioDisplay.xpr/MouseAudioDisplay/MouseAudioDisplay.srcs/constrs_1/new/Basys3_Master.xdc:197]
Resolution: If [get_<value>] was used to populate the object, check to make sure this command returns at least one valid object.
WARNING: [Vivado 12-584] No ports matched 'JC[5]'. [C:/Users/Nazrul/Desktop/MouseAudioDisplay.xpr/MouseAudioDisplay/MouseAudioDisplay.srcs/constrs_1/new/Basys3_Master.xdc:198]
CRITICAL WARNING: [Common 17-55] 'set_property' expects at least one object. [C:/Users/Nazrul/Desktop/MouseAudioDisplay.xpr/MouseAudioDisplay/MouseAudioDisplay.srcs/constrs_1/new/Basys3_Master.xdc:198]
Resolution: If [get_<value>] was used to populate the object, check to make sure this command returns at least one valid object.
WARNING: [Vivado 12-584] No ports matched 'JC[6]'. [C:/Users/Nazrul/Desktop/MouseAudioDisplay.xpr/MouseAudioDisplay/MouseAudioDisplay.srcs/constrs_1/new/Basys3_Master.xdc:200]
CRITICAL WARNING: [Common 17-55] 'set_property' expects at least one object. [C:/Users/Nazrul/Desktop/MouseAudioDisplay.xpr/MouseAudioDisplay/MouseAudioDisplay.srcs/constrs_1/new/Basys3_Master.xdc:200]
Resolution: If [get_<value>] was used to populate the object, check to make sure this command returns at least one valid object.
WARNING: [Vivado 12-584] No ports matched 'JC[6]'. [C:/Users/Nazrul/Desktop/MouseAudioDisplay.xpr/MouseAudioDisplay/MouseAudioDisplay.srcs/constrs_1/new/Basys3_Master.xdc:201]
CRITICAL WARNING: [Common 17-55] 'set_property' expects at least one object. [C:/Users/Nazrul/Desktop/MouseAudioDisplay.xpr/MouseAudioDisplay/MouseAudioDisplay.srcs/constrs_1/new/Basys3_Master.xdc:201]
Resolution: If [get_<value>] was used to populate the object, check to make sure this command returns at least one valid object.
WARNING: [Vivado 12-584] No ports matched 'JC[7]'. [C:/Users/Nazrul/Desktop/MouseAudioDisplay.xpr/MouseAudioDisplay/MouseAudioDisplay.srcs/constrs_1/new/Basys3_Master.xdc:203]
CRITICAL WARNING: [Common 17-55] 'set_property' expects at least one object. [C:/Users/Nazrul/Desktop/MouseAudioDisplay.xpr/MouseAudioDisplay/MouseAudioDisplay.srcs/constrs_1/new/Basys3_Master.xdc:203]
Resolution: If [get_<value>] was used to populate the object, check to make sure this command returns at least one valid object.
WARNING: [Vivado 12-584] No ports matched 'JC[7]'. [C:/Users/Nazrul/Desktop/MouseAudioDisplay.xpr/MouseAudioDisplay/MouseAudioDisplay.srcs/constrs_1/new/Basys3_Master.xdc:204]
CRITICAL WARNING: [Common 17-55] 'set_property' expects at least one object. [C:/Users/Nazrul/Desktop/MouseAudioDisplay.xpr/MouseAudioDisplay/MouseAudioDisplay.srcs/constrs_1/new/Basys3_Master.xdc:204]
Resolution: If [get_<value>] was used to populate the object, check to make sure this command returns at least one valid object.
Finished Parsing XDC File [C:/Users/Nazrul/Desktop/MouseAudioDisplay.xpr/MouseAudioDisplay/MouseAudioDisplay.srcs/constrs_1/new/Basys3_Master.xdc]
INFO: [Project 1-236] Implementation specific constraints were found while reading constraint file [C:/Users/Nazrul/Desktop/MouseAudioDisplay.xpr/MouseAudioDisplay/MouseAudioDisplay.srcs/constrs_1/new/Basys3_Master.xdc]. These constraints will be ignored for synthesis but will be used in implementation. Impacted constraints are listed in the file [.Xil/Top_Student_propImpl.xdc].
Resolution: To avoid this warning, move constraints listed in [.Xil/Top_Student_propImpl.xdc] to another XDC file and exclude this new file from synthesis with the used_in_synthesis property (File Properties dialog in GUI) and re-run elaboration/synthesis.
Completed Processing XDC Constraints

INFO: [Project 1-111] Unisim Transformation Summary:
No Unisim elements were transformed.

Constraint Validation Runtime : Time (s): cpu = 00:00:00 ; elapsed = 00:00:00.004 . Memory (MB): peak = 734.852 ; gain = 0.000
---------------------------------------------------------------------------------
Finished Constraint Validation : Time (s): cpu = 00:00:11 ; elapsed = 00:00:14 . Memory (MB): peak = 734.852 ; gain = 478.008
---------------------------------------------------------------------------------
---------------------------------------------------------------------------------
Start Loading Part and Timing Information
---------------------------------------------------------------------------------
Loading part: xc7a35tcpg236-1
---------------------------------------------------------------------------------
Finished Loading Part and Timing Information : Time (s): cpu = 00:00:11 ; elapsed = 00:00:14 . Memory (MB): peak = 734.852 ; gain = 478.008
---------------------------------------------------------------------------------
---------------------------------------------------------------------------------
Start Applying 'set_property' XDC Constraints
---------------------------------------------------------------------------------
---------------------------------------------------------------------------------
Finished applying 'set_property' XDC Constraints : Time (s): cpu = 00:00:11 ; elapsed = 00:00:14 . Memory (MB): peak = 734.852 ; gain = 478.008
---------------------------------------------------------------------------------
INFO: [Synth 8-5545] ROM "count0" won't be mapped to RAM because address size (32) is larger than maximum supported(25)
INFO: [Synth 8-5545] ROM "my_clk0" won't be mapped to RAM because address size (32) is larger than maximum supported(25)
INFO: [Synth 8-5545] ROM "my_clk0" won't be mapped to RAM because address size (32) is larger than maximum supported(25)
INFO: [Synth 8-5544] ROM "seg" won't be mapped to Block RAM because address size (4) smaller than threshold (5)
INFO: [Synth 8-5544] ROM "seg" won't be mapped to Block RAM because address size (4) smaller than threshold (5)
INFO: [Synth 8-5544] ROM "seg" won't be mapped to Block RAM because address size (4) smaller than threshold (5)
INFO: [Synth 8-5544] ROM "seg" won't be mapped to Block RAM because address size (4) smaller than threshold (5)
INFO: [Synth 8-5544] ROM "seg" won't be mapped to Block RAM because address size (4) smaller than threshold (5)
INFO: [Synth 8-5544] ROM "seg" won't be mapped to Block RAM because address size (4) smaller than threshold (5)
INFO: [Synth 8-5546] ROM "peak_intensity" won't be mapped to RAM because it is too sparse
---------------------------------------------------------------------------------
Finished RTL Optimization Phase 2 : Time (s): cpu = 00:00:12 ; elapsed = 00:00:15 . Memory (MB): peak = 734.852 ; gain = 478.008
---------------------------------------------------------------------------------

Report RTL Partitions: 
+-+--------------+------------+----------+
| |RTL Partition |Replication |Instances |
+-+--------------+------------+----------+
+-+--------------+------------+----------+
---------------------------------------------------------------------------------
Start RTL Component Statistics 
---------------------------------------------------------------------------------
Detailed RTL Component Info : 
+---Adders : 
	   2 Input     32 Bit       Adders := 3     
	   2 Input     12 Bit       Adders := 1     
	   2 Input      4 Bit       Adders := 1     
+---Registers : 
	               32 Bit    Registers := 3     
	               12 Bit    Registers := 6     
	                7 Bit    Registers := 2     
	                4 Bit    Registers := 3     
	                1 Bit    Registers := 5     
+---Muxes : 
	   2 Input     32 Bit        Muxes := 3     
	   2 Input     12 Bit        Muxes := 2     
	  10 Input      9 Bit        Muxes := 1     
	   2 Input      7 Bit        Muxes := 22    
	   2 Input      4 Bit        Muxes := 2     
	   3 Input      4 Bit        Muxes := 1     
	   2 Input      1 Bit        Muxes := 5     
	   4 Input      1 Bit        Muxes := 1     
	  10 Input      1 Bit        Muxes := 1     
	   3 Input      1 Bit        Muxes := 1     
---------------------------------------------------------------------------------
Finished RTL Component Statistics 
---------------------------------------------------------------------------------
---------------------------------------------------------------------------------
Start RTL Hierarchical Component Statistics 
---------------------------------------------------------------------------------
Hierarchical RTL Component report 
Module Top_Student 
Detailed RTL Component Info : 
+---Adders : 
	   2 Input     12 Bit       Adders := 1     
+---Registers : 
	               12 Bit    Registers := 3     
	                7 Bit    Registers := 1     
	                4 Bit    Registers := 1     
+---Muxes : 
	   2 Input     12 Bit        Muxes := 2     
	   3 Input      1 Bit        Muxes := 1     
Module Audio_Input 
Detailed RTL Component Info : 
+---Registers : 
	               12 Bit    Registers := 2     
	                1 Bit    Registers := 1     
Module unit_clk_20KHz 
Detailed RTL Component Info : 
+---Adders : 
	   2 Input     32 Bit       Adders := 1     
+---Registers : 
	               32 Bit    Registers := 1     
	                1 Bit    Registers := 1     
+---Muxes : 
	   2 Input     32 Bit        Muxes := 1     
	   2 Input      1 Bit        Muxes := 1     
Module ld_control 
Detailed RTL Component Info : 
+---Registers : 
	               12 Bit    Registers := 1     
+---Muxes : 
	  10 Input      9 Bit        Muxes := 1     
Module custom_clk 
Detailed RTL Component Info : 
+---Registers : 
	                1 Bit    Registers := 1     
+---Muxes : 
	   2 Input      1 Bit        Muxes := 1     
Module seg_control 
Detailed RTL Component Info : 
+---Adders : 
	   2 Input      4 Bit       Adders := 1     
+---Registers : 
	                7 Bit    Registers := 1     
	                4 Bit    Registers := 2     
+---Muxes : 
	   2 Input      7 Bit        Muxes := 22    
	   2 Input      4 Bit        Muxes := 2     
	   3 Input      4 Bit        Muxes := 1     
	   2 Input      1 Bit        Muxes := 1     
	   4 Input      1 Bit        Muxes := 1     
	  10 Input      1 Bit        Muxes := 1     
---------------------------------------------------------------------------------
Finished RTL Hierarchical Component Statistics
---------------------------------------------------------------------------------
---------------------------------------------------------------------------------
Start Part Resource Summary
---------------------------------------------------------------------------------
Part Resources:
DSPs: 90 (col length:60)
BRAMs: 100 (col length: RAMB18 60 RAMB36 30)
---------------------------------------------------------------------------------
Finished Part Resource Summary
---------------------------------------------------------------------------------
---------------------------------------------------------------------------------
Start Cross Boundary and Area Optimization
---------------------------------------------------------------------------------
Warning: Parallel synthesis criteria is not met 
INFO: [Synth 8-5545] ROM "my_20KHz_clk/count0" won't be mapped to RAM because address size (32) is larger than maximum supported(25)
INFO: [Synth 8-5545] ROM "my_20KHz_clk/my_clk0" won't be mapped to RAM because address size (32) is larger than maximum supported(25)
INFO: [Synth 8-5545] ROM "ld_display/my_20KHz_clk/count0" won't be mapped to RAM because address size (32) is larger than maximum supported(25)
INFO: [Synth 8-5545] ROM "ld_display/my_20KHz_clk/my_clk0" won't be mapped to RAM because address size (32) is larger than maximum supported(25)
INFO: [Synth 8-5545] ROM "seg_display/my_20KHz_clk/count0" won't be mapped to RAM because address size (32) is larger than maximum supported(25)
INFO: [Synth 8-5545] ROM "seg_display/my_20KHz_clk/my_clk0" won't be mapped to RAM because address size (32) is larger than maximum supported(25)
INFO: [Synth 8-5545] ROM "seg_display/my_1KHz_clk/my_clk0" won't be mapped to RAM because address size (32) is larger than maximum supported(25)
WARNING: [Synth 8-3331] design Top_Student has unconnected port sw[15]
WARNING: [Synth 8-3331] design Top_Student has unconnected port sw[14]
WARNING: [Synth 8-3331] design Top_Student has unconnected port sw[13]
WARNING: [Synth 8-3331] design Top_Student has unconnected port sw[12]
WARNING: [Synth 8-3331] design Top_Student has unconnected port sw[11]
WARNING: [Synth 8-3331] design Top_Student has unconnected port sw[10]
WARNING: [Synth 8-3331] design Top_Student has unconnected port sw[9]
WARNING: [Synth 8-3331] design Top_Student has unconnected port sw[8]
WARNING: [Synth 8-3331] design Top_Student has unconnected port sw[7]
WARNING: [Synth 8-3331] design Top_Student has unconnected port sw[6]
WARNING: [Synth 8-3331] design Top_Student has unconnected port sw[5]
WARNING: [Synth 8-3331] design Top_Student has unconnected port sw[4]
WARNING: [Synth 8-3331] design Top_Student has unconnected port sw[3]
WARNING: [Synth 8-3331] design Top_Student has unconnected port sw[2]
WARNING: [Synth 8-3331] design Top_Student has unconnected port sw[1]
WARNING: [Synth 8-3331] design Top_Student has unconnected port sw[0]
INFO: [Synth 8-3333] propagating constant 1 across sequential element (\seg_display/an_reg[1] )
INFO: [Synth 8-3333] propagating constant 1 across sequential element (\an_reg[1] )
WARNING: [Synth 8-3332] Sequential element (seg_display/an_reg[1]) is unused and will be removed from module Top_Student.
WARNING: [Synth 8-3332] Sequential element (an_reg[1]) is unused and will be removed from module Top_Student.
---------------------------------------------------------------------------------
Finished Cross Boundary and Area Optimization : Time (s): cpu = 00:00:14 ; elapsed = 00:00:17 . Memory (MB): peak = 734.852 ; gain = 478.008
---------------------------------------------------------------------------------

Report RTL Partitions: 
+-+--------------+------------+----------+
| |RTL Partition |Replication |Instances |
+-+--------------+------------+----------+
+-+--------------+------------+----------+
---------------------------------------------------------------------------------
Start Applying XDC Timing Constraints
---------------------------------------------------------------------------------
---------------------------------------------------------------------------------
Finished Applying XDC Timing Constraints : Time (s): cpu = 00:00:21 ; elapsed = 00:00:25 . Memory (MB): peak = 734.852 ; gain = 478.008
---------------------------------------------------------------------------------
---------------------------------------------------------------------------------
Start Timing Optimization
---------------------------------------------------------------------------------
---------------------------------------------------------------------------------
Finished Timing Optimization : Time (s): cpu = 00:00:22 ; elapsed = 00:00:25 . Memory (MB): peak = 754.746 ; gain = 497.902
---------------------------------------------------------------------------------

Report RTL Partitions: 
+-+--------------+------------+----------+
| |RTL Partition |Replication |Instances |
+-+--------------+------------+----------+
+-+--------------+------------+----------+
---------------------------------------------------------------------------------
Start Technology Mapping
---------------------------------------------------------------------------------
WARNING: [Synth 8-3332] Sequential element (led_reg[11]) is unused and will be removed from module Top_Student.
WARNING: [Synth 8-3332] Sequential element (led_reg[10]) is unused and will be removed from module Top_Student.
WARNING: [Synth 8-3332] Sequential element (led_reg[9]) is unused and will be removed from module Top_Student.
---------------------------------------------------------------------------------
Finished Technology Mapping : Time (s): cpu = 00:00:22 ; elapsed = 00:00:26 . Memory (MB): peak = 756.863 ; gain = 500.020
---------------------------------------------------------------------------------

Report RTL Partitions: 
+-+--------------+------------+----------+
| |RTL Partition |Replication |Instances |
+-+--------------+------------+----------+
+-+--------------+------------+----------+
---------------------------------------------------------------------------------
Start IO Insertion
---------------------------------------------------------------------------------
---------------------------------------------------------------------------------
Start Flattening Before IO Insertion
---------------------------------------------------------------------------------
---------------------------------------------------------------------------------
Finished Flattening Before IO Insertion
---------------------------------------------------------------------------------
---------------------------------------------------------------------------------
Start Final Netlist Cleanup
---------------------------------------------------------------------------------
---------------------------------------------------------------------------------
Finished Final Netlist Cleanup
---------------------------------------------------------------------------------
---------------------------------------------------------------------------------
Finished IO Insertion : Time (s): cpu = 00:00:23 ; elapsed = 00:00:26 . Memory (MB): peak = 756.863 ; gain = 500.020
---------------------------------------------------------------------------------

Report Check Netlist: 
+------+------------------+-------+---------+-------+------------------+
|      |Item              |Errors |Warnings |Status |Description       |
+------+------------------+-------+---------+-------+------------------+
|1     |multi_driven_nets |      0|        0|Passed |Multi driven nets |
+------+------------------+-------+---------+-------+------------------+
---------------------------------------------------------------------------------
Start Renaming Generated Instances
---------------------------------------------------------------------------------
---------------------------------------------------------------------------------
Finished Renaming Generated Instances : Time (s): cpu = 00:00:23 ; elapsed = 00:00:26 . Memory (MB): peak = 756.863 ; gain = 500.020
---------------------------------------------------------------------------------

Report RTL Partitions: 
+-+--------------+------------+----------+
| |RTL Partition |Replication |Instances |
+-+--------------+------------+----------+
+-+--------------+------------+----------+
---------------------------------------------------------------------------------
Start Rebuilding User Hierarchy
---------------------------------------------------------------------------------
---------------------------------------------------------------------------------
Finished Rebuilding User Hierarchy : Time (s): cpu = 00:00:23 ; elapsed = 00:00:27 . Memory (MB): peak = 756.863 ; gain = 500.020
---------------------------------------------------------------------------------
---------------------------------------------------------------------------------
Start Renaming Generated Ports
---------------------------------------------------------------------------------
---------------------------------------------------------------------------------
Finished Renaming Generated Ports : Time (s): cpu = 00:00:23 ; elapsed = 00:00:27 . Memory (MB): peak = 756.863 ; gain = 500.020
---------------------------------------------------------------------------------
---------------------------------------------------------------------------------
Start Handling Custom Attributes
---------------------------------------------------------------------------------
---------------------------------------------------------------------------------
Finished Handling Custom Attributes : Time (s): cpu = 00:00:23 ; elapsed = 00:00:27 . Memory (MB): peak = 756.863 ; gain = 500.020
---------------------------------------------------------------------------------
---------------------------------------------------------------------------------
Start Renaming Generated Nets
---------------------------------------------------------------------------------
---------------------------------------------------------------------------------
Finished Renaming Generated Nets : Time (s): cpu = 00:00:23 ; elapsed = 00:00:27 . Memory (MB): peak = 756.863 ; gain = 500.020
---------------------------------------------------------------------------------
---------------------------------------------------------------------------------
Start Writing Synthesis Report
---------------------------------------------------------------------------------

Report BlackBoxes: 
+-+--------------+----------+
| |BlackBox name |Instances |
+-+--------------+----------+
+-+--------------+----------+

Report Cell Usage: 
+------+-------+------+
|      |Cell   |Count |
+------+-------+------+
|1     |BUFG   |     2|
|2     |CARRY4 |    40|
|3     |LUT1   |    10|
|4     |LUT2   |    18|
|5     |LUT3   |    13|
|6     |LUT4   |    43|
|7     |LUT5   |     9|
|8     |LUT6   |    61|
|9     |FDRE   |   235|
|10    |IBUF   |     2|
|11    |OBUF   |    25|
+------+-------+------+

Report Instance Areas: 
+------+-----------------+-----------------+------+
|      |Instance         |Module           |Cells |
+------+-----------------+-----------------+------+
|1     |top              |                 |   458|
|2     |  ld_display     |ld_control       |    66|
|3     |    my_20KHz_clk |unit_clk_20KHz_1 |    53|
|4     |  my_20KHz_clk   |unit_clk_20KHz   |    53|
|5     |  my_audio_input |Audio_Input      |    79|
|6     |  seg_display    |seg_control      |   179|
|7     |    my_1KHz_clk  |custom_clk       |    54|
|8     |    my_20KHz_clk |unit_clk_20KHz_0 |    53|
+------+-----------------+-----------------+------+
---------------------------------------------------------------------------------
Finished Writing Synthesis Report : Time (s): cpu = 00:00:23 ; elapsed = 00:00:27 . Memory (MB): peak = 756.863 ; gain = 500.020
---------------------------------------------------------------------------------
Synthesis finished with 0 errors, 0 critical warnings and 21 warnings.
Synthesis Optimization Runtime : Time (s): cpu = 00:00:14 ; elapsed = 00:00:19 . Memory (MB): peak = 756.863 ; gain = 168.727
Synthesis Optimization Complete : Time (s): cpu = 00:00:23 ; elapsed = 00:00:27 . Memory (MB): peak = 756.863 ; gain = 500.020
INFO: [Project 1-571] Translating synthesized netlist
INFO: [Netlist 29-17] Analyzing 42 Unisim elements for replacement
INFO: [Netlist 29-28] Unisim Transformation completed in 0 CPU seconds
INFO: [Project 1-570] Preparing netlist for logic optimization
INFO: [Opt 31-138] Pushed 0 inverter(s) to 0 load pin(s).
INFO: [Project 1-111] Unisim Transformation Summary:
No Unisim elements were transformed.

INFO: [Common 17-83] Releasing license: Synthesis
43 Infos, 54 Warnings, 16 Critical Warnings and 0 Errors encountered.
synth_design completed successfully
synth_design: Time (s): cpu = 00:00:25 ; elapsed = 00:00:29 . Memory (MB): peak = 757.035 ; gain = 512.969
WARNING: [Constraints 18-5210] No constraint will be written out.
INFO: [Common 17-1381] The checkpoint 'C:/Users/Nazrul/Desktop/MouseAudioDisplay.xpr/MouseAudioDisplay/MouseAudioDisplay.runs/synth_1/Top_Student.dcp' has been generated.
INFO: [runtcl-4] Executing : report_utilization -file Top_Student_utilization_synth.rpt -pb Top_Student_utilization_synth.pb
report_utilization: Time (s): cpu = 00:00:00 ; elapsed = 00:00:00.028 . Memory (MB): peak = 757.035 ; gain = 0.000
INFO: [Common 17-206] Exiting Vivado at Wed Mar 22 13:40:56 2023...
