#-----------------------------------------------------------
# Vivado v2018.2 (64-bit)
# SW Build 2258646 on Thu Jun 14 20:03:12 MDT 2018
# IP Build 2256618 on Thu Jun 14 22:10:49 MDT 2018
# Start of session at: Tue Mar 28 00:06:51 2023
# Process ID: 12988
# Current directory: C:/Users/75635/Desktop/EE2026/team project/MouseAudioDisplay
# Command line: vivado.exe -gui_launcher_event rodinguilauncherevent13028 C:\Users\75635\Desktop\EE2026\team project\MouseAudioDisplay\MouseAudioDisplay.xpr
# Log file: C:/Users/75635/Desktop/EE2026/team project/MouseAudioDisplay/vivado.log
# Journal file: C:/Users/75635/Desktop/EE2026/team project/MouseAudioDisplay\vivado.jou
#-----------------------------------------------------------
start_gui
open_project {C:/Users/75635/Desktop/EE2026/team project/MouseAudioDisplay/MouseAudioDisplay.xpr}
Scanning sources...
Finished scanning sources
INFO: [IP_Flow 19-234] Refreshing IP repositories
INFO: [IP_Flow 19-1704] No user IP repositories specified
INFO: [IP_Flow 19-2313] Loaded Vivado IP repository 'D:/Xilinx/Vivado/2018.2/data/ip'.
open_project: Time (s): cpu = 00:00:30 ; elapsed = 00:00:16 . Memory (MB): peak = 822.422 ; gain = 99.809
update_compile_order -fileset sources_1
