#-----------------------------------------------------------
# Vivado v2018.2 (64-bit)
# SW Build 2258646 on Thu Jun 14 20:03:12 MDT 2018
# IP Build 2256618 on Thu Jun 14 22:10:49 MDT 2018
# Start of session at: Wed Mar 29 21:43:25 2023
# Process ID: 4284
# Current directory: C:/Users/Nazrul/Desktop/EE2026 Project/MouseAudioDisplay
# Command line: vivado.exe -gui_launcher_event rodinguilauncherevent18384 C:\Users\Nazrul\Desktop\EE2026 Project\MouseAudioDisplay\MouseAudioDisplay.xpr
# Log file: C:/Users/Nazrul/Desktop/EE2026 Project/MouseAudioDisplay/vivado.log
# Journal file: C:/Users/Nazrul/Desktop/EE2026 Project/MouseAudioDisplay\vivado.jou
#-----------------------------------------------------------
start_gui
open_project {C:/Users/Nazrul/Desktop/EE2026 Project/MouseAudioDisplay/MouseAudioDisplay.xpr}
Scanning sources...
Finished scanning sources
INFO: [IP_Flow 19-234] Refreshing IP repositories
INFO: [IP_Flow 19-1704] No user IP repositories specified
INFO: [IP_Flow 19-2313] Loaded Vivado IP repository 'C:/Xilinx/Vivado/2018.2/data/ip'.
open_project: Time (s): cpu = 00:00:43 ; elapsed = 00:00:18 . Memory (MB): peak = 858.191 ; gain = 99.926
update_compile_order -fileset sources_1
