#-----------------------------------------------------------
# Vivado v2018.2 (64-bit)
# SW Build 2258646 on Thu Jun 14 20:03:12 MDT 2018
# IP Build 2256618 on Thu Jun 14 22:10:49 MDT 2018
# Start of session at: Sun Mar 19 21:57:37 2023
# Process ID: 20516
# Current directory: C:/Users/Nazrul/Downloads/artemis.xpr/MouseAudioDisplay
# Command line: vivado.exe -gui_launcher_event rodinguilauncherevent18948 C:\Users\Nazrul\Downloads\artemis.xpr\MouseAudioDisplay\MouseAudioDisplay.xpr
# Log file: C:/Users/Nazrul/Downloads/artemis.xpr/MouseAudioDisplay/vivado.log
# Journal file: C:/Users/Nazrul/Downloads/artemis.xpr/MouseAudioDisplay\vivado.jou
#-----------------------------------------------------------
start_gui
open_project C:/Users/Nazrul/Downloads/artemis.xpr/MouseAudioDisplay/MouseAudioDisplay.xpr
Scanning sources...
Finished scanning sources
INFO: [IP_Flow 19-234] Refreshing IP repositories
INFO: [IP_Flow 19-1704] No user IP repositories specified
INFO: [IP_Flow 19-2313] Loaded Vivado IP repository 'C:/Xilinx/Vivado/2018.2/data/ip'.
open_project: Time (s): cpu = 00:00:30 ; elapsed = 00:00:12 . Memory (MB): peak = 839.344 ; gain = 58.848
update_compile_order -fileset sim_1
update_compile_order -fileset sources_1
launch_runs impl_1 -to_step write_bitstream -jobs 8
[Sun Mar 19 21:59:47 2023] Launched synth_1...
Run output will be captured here: C:/Users/Nazrul/Downloads/artemis.xpr/MouseAudioDisplay/MouseAudioDisplay.runs/synth_1/runme.log
[Sun Mar 19 21:59:47 2023] Launched impl_1...
Run output will be captured here: C:/Users/Nazrul/Downloads/artemis.xpr/MouseAudioDisplay/MouseAudioDisplay.runs/impl_1/runme.log
exit
INFO: [Common 17-206] Exiting Vivado at Mon Mar 20 02:03:28 2023...
