#-----------------------------------------------------------
# Vivado v2018.2 (64-bit)
# SW Build 2258646 on Thu Jun 14 20:03:12 MDT 2018
# IP Build 2256618 on Thu Jun 14 22:10:49 MDT 2018
# Start of session at: Sun Mar 19 21:56:11 2023
# Process ID: 12584
# Current directory: C:/Users/Nazrul/Downloads/artemis.xpr/MouseAudioDisplay
# Command line: vivado.exe -gui_launcher_event rodinguilauncherevent15468 C:\Users\Nazrul\Downloads\artemis.xpr\MouseAudioDisplay\artemis.xpr
# Log file: C:/Users/Nazrul/Downloads/artemis.xpr/MouseAudioDisplay/vivado.log
# Journal file: C:/Users/Nazrul/Downloads/artemis.xpr/MouseAudioDisplay\vivado.jou
#-----------------------------------------------------------
start_gui
open_project C:/Users/Nazrul/Downloads/artemis.xpr/MouseAudioDisplay/artemis.xpr
INFO: [Project 1-313] Project file moved from 'C:/Users/ArtemiszenN/AppData/Roaming/Xilinx/Vivado/.Xil/Vivado-18000-ACHERON/PrjAr/_X_' since last save.
CRITICAL WARNING: [Project 1-311] Could not find the file 'C:/Users/Nazrul/Downloads/artemis.xpr/MouseAudioDisplay/artemis.srcs/sources_1/new/Artemis_Individual.v', nor could it be found using path 'C:/Users/ArtemiszenN/AppData/Roaming/Xilinx/Vivado/.Xil/Vivado-18000-ACHERON/PrjAr/_X_/MouseAudioDisplay.srcs/sources_1/new/Artemis_Individual.v'.
CRITICAL WARNING: [Project 1-311] Could not find the file 'C:/Users/Nazrul/Downloads/artemis.xpr/MouseAudioDisplay/artemis.srcs/sources_1/new/Game_Over_Image.v', nor could it be found using path 'C:/Users/ArtemiszenN/AppData/Roaming/Xilinx/Vivado/.Xil/Vivado-18000-ACHERON/PrjAr/_X_/MouseAudioDisplay.srcs/sources_1/new/Game_Over_Image.v'.
CRITICAL WARNING: [Project 1-311] Could not find the file 'C:/Users/Nazrul/Downloads/artemis.xpr/MouseAudioDisplay/artemis.srcs/sources_1/new/Get_Sprite.v', nor could it be found using path 'C:/Users/ArtemiszenN/AppData/Roaming/Xilinx/Vivado/.Xil/Vivado-18000-ACHERON/PrjAr/_X_/MouseAudioDisplay.srcs/sources_1/new/Get_Sprite.v'.
CRITICAL WARNING: [Project 1-311] Could not find the file 'C:/Users/Nazrul/Downloads/artemis.xpr/MouseAudioDisplay/artemis.srcs/sources_1/new/Menu_Data.v', nor could it be found using path 'C:/Users/ArtemiszenN/AppData/Roaming/Xilinx/Vivado/.Xil/Vivado-18000-ACHERON/PrjAr/_X_/MouseAudioDisplay.srcs/sources_1/new/Menu_Data.v'.
CRITICAL WARNING: [Project 1-311] Could not find the file 'C:/Users/Nazrul/Downloads/artemis.xpr/MouseAudioDisplay/artemis.srcs/sources_1/imports/Desktop/Oled_Display.v', nor could it be found using path 'C:/Users/ArtemiszenN/AppData/Roaming/Xilinx/Vivado/.Xil/Vivado-18000-ACHERON/PrjAr/_X_/MouseAudioDisplay.srcs/sources_1/imports/Desktop/Oled_Display.v'.
CRITICAL WARNING: [Project 1-311] Could not find the file 'C:/Users/Nazrul/Downloads/artemis.xpr/MouseAudioDisplay/artemis.srcs/sources_1/new/Win_Data.v', nor could it be found using path 'C:/Users/ArtemiszenN/AppData/Roaming/Xilinx/Vivado/.Xil/Vivado-18000-ACHERON/PrjAr/_X_/MouseAudioDisplay.srcs/sources_1/new/Win_Data.v'.
CRITICAL WARNING: [Project 1-311] Could not find the file 'C:/Users/Nazrul/Downloads/artemis.xpr/MouseAudioDisplay/artemis.srcs/sources_1/new/rgb_color.v', nor could it be found using path 'C:/Users/ArtemiszenN/AppData/Roaming/Xilinx/Vivado/.Xil/Vivado-18000-ACHERON/PrjAr/_X_/MouseAudioDisplay.srcs/sources_1/new/rgb_color.v'.
CRITICAL WARNING: [Project 1-311] Could not find the file 'C:/Users/Nazrul/Downloads/artemis.xpr/MouseAudioDisplay/artemis.srcs/sources_1/new/rgb_color_update.v', nor could it be found using path 'C:/Users/ArtemiszenN/AppData/Roaming/Xilinx/Vivado/.Xil/Vivado-18000-ACHERON/PrjAr/_X_/MouseAudioDisplay.srcs/sources_1/new/rgb_color_update.v'.
CRITICAL WARNING: [Project 1-311] Could not find the file 'C:/Users/Nazrul/Downloads/artemis.xpr/MouseAudioDisplay/artemis.srcs/sources_1/new/Top_Student.v', nor could it be found using path 'C:/Users/ArtemiszenN/AppData/Roaming/Xilinx/Vivado/.Xil/Vivado-18000-ACHERON/PrjAr/_X_/MouseAudioDisplay.srcs/sources_1/new/Top_Student.v'.
CRITICAL WARNING: [Project 1-311] Could not find the file 'C:/Users/Nazrul/Downloads/artemis.xpr/MouseAudioDisplay/artemis.srcs/sources_1/imports/Desktop/Audio_Input.v', nor could it be found using path 'C:/Users/ArtemiszenN/AppData/Roaming/Xilinx/Vivado/.Xil/Vivado-18000-ACHERON/PrjAr/_X_/MouseAudioDisplay.srcs/sources_1/imports/Desktop/Audio_Input.v'.
CRITICAL WARNING: [Project 1-311] Could not find the file 'C:/Users/Nazrul/Downloads/artemis.xpr/MouseAudioDisplay/artemis.srcs/sources_1/new/tempclk.v', nor could it be found using path 'C:/Users/ArtemiszenN/AppData/Roaming/Xilinx/Vivado/.Xil/Vivado-18000-ACHERON/PrjAr/_X_/MouseAudioDisplay.srcs/sources_1/new/tempclk.v'.
CRITICAL WARNING: [Project 1-311] Could not find the file 'C:/Users/Nazrul/Downloads/artemis.xpr/MouseAudioDisplay/artemis.srcs/sources_1/imports/Desktop/Audio_Output.vhd', nor could it be found using path 'C:/Users/ArtemiszenN/AppData/Roaming/Xilinx/Vivado/.Xil/Vivado-18000-ACHERON/PrjAr/_X_/MouseAudioDisplay.srcs/sources_1/imports/Desktop/Audio_Output.vhd'.
CRITICAL WARNING: [Project 1-311] Could not find the file 'C:/Users/Nazrul/Downloads/artemis.xpr/MouseAudioDisplay/artemis.srcs/sources_1/imports/Desktop/Mouse_Control.vhd', nor could it be found using path 'C:/Users/ArtemiszenN/AppData/Roaming/Xilinx/Vivado/.Xil/Vivado-18000-ACHERON/PrjAr/_X_/MouseAudioDisplay.srcs/sources_1/imports/Desktop/Mouse_Control.vhd'.
CRITICAL WARNING: [Project 1-311] Could not find the file 'C:/Users/Nazrul/Downloads/artemis.xpr/MouseAudioDisplay/artemis.srcs/sources_1/imports/Desktop/Ps2Interface.vhd', nor could it be found using path 'C:/Users/ArtemiszenN/AppData/Roaming/Xilinx/Vivado/.Xil/Vivado-18000-ACHERON/PrjAr/_X_/MouseAudioDisplay.srcs/sources_1/imports/Desktop/Ps2Interface.vhd'.
CRITICAL WARNING: [Project 1-311] Could not find the file 'C:/Users/Nazrul/Downloads/artemis.xpr/MouseAudioDisplay/artemis.srcs/sources_1/imports/MouseAudioDisplay/archive_project_summary.txt', nor could it be found using path 'C:/Users/ArtemiszenN/AppData/Roaming/Xilinx/Vivado/.Xil/Vivado-18000-ACHERON/PrjAr/_X_/MouseAudioDisplay.srcs/sources_1/imports/MouseAudioDisplay/archive_project_summary.txt'.
CRITICAL WARNING: [Project 1-311] Could not find the file 'C:/Users/Nazrul/Downloads/artemis.xpr/MouseAudioDisplay/artemis.srcs/constrs_1/new/Basys3_Master.xdc', nor could it be found using path 'C:/Users/ArtemiszenN/AppData/Roaming/Xilinx/Vivado/.Xil/Vivado-18000-ACHERON/PrjAr/_X_/MouseAudioDisplay.srcs/constrs_1/new/Basys3_Master.xdc'.
CRITICAL WARNING: [Project 1-311] Could not find the file 'C:/Users/Nazrul/Downloads/artemis.xpr/MouseAudioDisplay/artemis.srcs/sim_1/new/tempsim.v', nor could it be found using path 'C:/Users/ArtemiszenN/AppData/Roaming/Xilinx/Vivado/.Xil/Vivado-18000-ACHERON/PrjAr/_X_/MouseAudioDisplay.srcs/sim_1/new/tempsim.v'.
Scanning sources...
Finished scanning sources
WARNING: [Project 1-509] GeneratedRun file for 'synth_1' not found
WARNING: [Project 1-509] GeneratedRun file for 'impl_1' not found
WARNING: [filemgmt 56-2] IPUserFilesDir: Could not find the directory 'C:/Users/Nazrul/Downloads/artemis.xpr/MouseAudioDisplay/artemis.ip_user_files', nor could it be found using path 'C:/Users/ArtemiszenN/AppData/Roaming/Xilinx/Vivado/.Xil/Vivado-18000-ACHERON/PrjAr/_X_/MouseAudioDisplay.ip_user_files'.
INFO: [IP_Flow 19-234] Refreshing IP repositories
INFO: [IP_Flow 19-1704] No user IP repositories specified
INFO: [IP_Flow 19-2313] Loaded Vivado IP repository 'C:/Xilinx/Vivado/2018.2/data/ip'.
update_compile_order -fileset sources_1
update_compile_order -fileset sim_1
exit
INFO: [Common 17-206] Exiting Vivado at Sun Mar 19 21:57:15 2023...
