#-----------------------------------------------------------
# Vivado v2018.2 (64-bit)
# SW Build 2258646 on Thu Jun 14 20:03:12 MDT 2018
# IP Build 2256618 on Thu Jun 14 22:10:49 MDT 2018
# Start of session at: Wed Mar  8 13:13:37 2023
# Process ID: 15492
# Current directory: C:/Users/Nazrul/Desktop/MouseAudioDisplay.xpr/MouseAudioDisplay
# Command line: vivado.exe -gui_launcher_event rodinguilauncherevent15096 C:\Users\Nazrul\Desktop\MouseAudioDisplay.xpr\MouseAudioDisplay\MouseAudioDisplay.xpr
# Log file: C:/Users/Nazrul/Desktop/MouseAudioDisplay.xpr/MouseAudioDisplay/vivado.log
# Journal file: C:/Users/Nazrul/Desktop/MouseAudioDisplay.xpr/MouseAudioDisplay\vivado.jou
#-----------------------------------------------------------
start_gui
open_project C:/Users/Nazrul/Desktop/MouseAudioDisplay.xpr/MouseAudioDisplay/MouseAudioDisplay.xpr
INFO: [Project 1-313] Project file moved from 'C:/Users/HPQ TEST/Desktop/MouseAudioDisplay.xpr/MouseAudioDisplay' since last save.
Scanning sources...
Finished scanning sources
INFO: [IP_Flow 19-234] Refreshing IP repositories
INFO: [IP_Flow 19-1704] No user IP repositories specified
INFO: [IP_Flow 19-2313] Loaded Vivado IP repository 'C:/Xilinx/Vivado/2018.2/data/ip'.
open_project: Time (s): cpu = 00:00:19 ; elapsed = 00:00:09 . Memory (MB): peak = 954.047 ; gain = 190.574
update_compile_order -fileset sources_1
exit
INFO: [Common 17-206] Exiting Vivado at Wed Mar  8 13:16:27 2023...
