#-----------------------------------------------------------
# Vivado v2018.2 (64-bit)
# SW Build 2258646 on Thu Jun 14 20:03:12 MDT 2018
# IP Build 2256618 on Thu Jun 14 22:10:49 MDT 2018
# Start of session at: Tue Mar 28 00:13:45 2023
# Process ID: 17576
# Current directory: C:/Users/Nazrul/Desktop/EE2026 Project/MouseAudioDisplay
# Command line: vivado.exe -gui_launcher_event rodinguilauncherevent13396 C:\Users\Nazrul\Desktop\EE2026 Project\MouseAudioDisplay\MouseAudioDisplay.xpr
# Log file: C:/Users/Nazrul/Desktop/EE2026 Project/MouseAudioDisplay/vivado.log
# Journal file: C:/Users/Nazrul/Desktop/EE2026 Project/MouseAudioDisplay\vivado.jou
#-----------------------------------------------------------
start_gui
open_project {C:/Users/Nazrul/Desktop/EE2026 Project/MouseAudioDisplay/MouseAudioDisplay.xpr}
CRITICAL WARNING: [Project 1-19] Could not find the file 'C:/Users/Nazrul/Desktop/MouseAudioDisplay/MouseAudioDisplay.srcs/sources_1/new/clock_divider.v'.
CRITICAL WARNING: [Project 1-19] Could not find the file 'C:/Users/Nazrul/Desktop/MouseAudioDisplay/MouseAudioDisplay.srcs/sources_1/new/game_end_sound.v'.
CRITICAL WARNING: [Project 1-19] Could not find the file 'C:/Users/Nazrul/Desktop/MouseAudioDisplay/MouseAudioDisplay.srcs/sources_1/new/music_box.v'.
CRITICAL WARNING: [Project 1-19] Could not find the file 'C:/Users/Nazrul/Desktop/MouseAudioDisplay/MouseAudioDisplay.srcs/sources_1/new/num_to_count.v'.
CRITICAL WARNING: [Project 1-19] Could not find the file 'C:/Users/Nazrul/Desktop/MouseAudioDisplay/MouseAudioDisplay.srcs/sources_1/new/play_note.v'.
CRITICAL WARNING: [Project 1-19] Could not find the file 'C:/Users/Nazrul/Desktop/MouseAudioDisplay/MouseAudioDisplay.srcs/sources_1/new/push_button_output.v'.
CRITICAL WARNING: [Project 1-19] Could not find the file 'C:/Users/Nazrul/Desktop/MouseAudioDisplay/MouseAudioDisplay.srcs/sources_1/new/save_note.v'.
Scanning sources...
Finished scanning sources
INFO: [IP_Flow 19-234] Refreshing IP repositories
INFO: [IP_Flow 19-1704] No user IP repositories specified
INFO: [IP_Flow 19-2313] Loaded Vivado IP repository 'C:/Xilinx/Vivado/2018.2/data/ip'.
open_project: Time (s): cpu = 00:00:36 ; elapsed = 00:00:13 . Memory (MB): peak = 908.730 ; gain = 98.660
update_compile_order -fileset sources_1
exit
INFO: [Common 17-206] Exiting Vivado at Tue Mar 28 00:14:49 2023...
