#-----------------------------------------------------------
# Vivado v2018.2 (64-bit)
# SW Build 2258646 on Thu Jun 14 20:03:12 MDT 2018
# IP Build 2256618 on Thu Jun 14 22:10:49 MDT 2018
# Start of session at: Fri Mar 24 14:04:39 2023
# Process ID: 1676
# Current directory: C:/Users/75635/Desktop/EE2026/team project/MouseAudioDisplay
# Command line: vivado.exe -gui_launcher_event rodinguilauncherevent1580 C:\Users\75635\Desktop\EE2026\team project\MouseAudioDisplay\MouseAudioDisplay.xpr
# Log file: C:/Users/75635/Desktop/EE2026/team project/MouseAudioDisplay/vivado.log
# Journal file: C:/Users/75635/Desktop/EE2026/team project/MouseAudioDisplay\vivado.jou
#-----------------------------------------------------------
start_gui
open_project {C:/Users/75635/Desktop/EE2026/team project/MouseAudioDisplay/MouseAudioDisplay.xpr}
INFO: [Project 1-313] Project file moved from 'D:/Documents/EE2026/MouseAudioDisplay' since last save.
Scanning sources...
Finished scanning sources
INFO: [IP_Flow 19-234] Refreshing IP repositories
INFO: [IP_Flow 19-1704] No user IP repositories specified
INFO: [IP_Flow 19-2313] Loaded Vivado IP repository 'D:/Xilinx/Vivado/2018.2/data/ip'.
open_project: Time (s): cpu = 00:00:25 ; elapsed = 00:00:13 . Memory (MB): peak = 837.473 ; gain = 98.848
update_compile_order -fileset sources_1
close [ open {C:/Users/75635/Desktop/EE2026/team project/MouseAudioDisplay/MouseAudioDisplay.srcs/sources_1/new/sz_individual.v} w ]
add_files {{C:/Users/75635/Desktop/EE2026/team project/MouseAudioDisplay/MouseAudioDisplay.srcs/sources_1/new/sz_individual.v}}
update_compile_order -fileset sources_1
add_files -norecurse {C:/Users/75635/Desktop/EE2026/MouseAudioDisplay/MouseAudioDisplay.srcs/sources_1/new/push_button_output.v C:/Users/75635/Desktop/EE2026/MouseAudioDisplay/MouseAudioDisplay.srcs/sources_1/new/music_box.v C:/Users/75635/Desktop/EE2026/MouseAudioDisplay/MouseAudioDisplay.srcs/sources_1/new/num_to_count.v C:/Users/75635/Desktop/EE2026/MouseAudioDisplay/MouseAudioDisplay.srcs/sources_1/new/clock_divider.v C:/Users/75635/Desktop/EE2026/MouseAudioDisplay/MouseAudioDisplay.srcs/sources_1/new/play_note.v C:/Users/75635/Desktop/EE2026/MouseAudioDisplay/MouseAudioDisplay.srcs/sources_1/new/game_end_sound.v C:/Users/75635/Desktop/EE2026/MouseAudioDisplay/MouseAudioDisplay.srcs/sources_1/new/save_note.v}
update_compile_order -fileset sources_1
update_compile_order -fileset sources_1
update_compile_order -fileset sources_1
reset_run synth_1
launch_runs synth_1 -jobs 4
[Fri Mar 24 14:55:33 2023] Launched synth_1...
Run output will be captured here: C:/Users/75635/Desktop/EE2026/team project/MouseAudioDisplay/MouseAudioDisplay.runs/synth_1/runme.log
reset_run synth_1
launch_runs synth_1 -jobs 4
[Fri Mar 24 14:57:15 2023] Launched synth_1...
Run output will be captured here: C:/Users/75635/Desktop/EE2026/team project/MouseAudioDisplay/MouseAudioDisplay.runs/synth_1/runme.log
reset_run synth_1
launch_runs synth_1 -jobs 4
[Fri Mar 24 14:58:27 2023] Launched synth_1...
Run output will be captured here: C:/Users/75635/Desktop/EE2026/team project/MouseAudioDisplay/MouseAudioDisplay.runs/synth_1/runme.log
open_run synth_1 -name synth_1
Design is defaulting to impl run constrset: constrs_1
Design is defaulting to synth run part: xc7a35tcpg236-1
INFO: [Netlist 29-17] Analyzing 1053 Unisim elements for replacement
INFO: [Netlist 29-28] Unisim Transformation completed in 1 CPU seconds
INFO: [Project 1-479] Netlist was created with Vivado 2018.2
INFO: [Device 21-403] Loading part xc7a35tcpg236-1
INFO: [Project 1-570] Preparing netlist for logic optimization
Parsing XDC File [C:/Users/75635/Desktop/EE2026/team project/MouseAudioDisplay/MouseAudioDisplay.srcs/constrs_1/new/Basys3_Master.xdc]
Finished Parsing XDC File [C:/Users/75635/Desktop/EE2026/team project/MouseAudioDisplay/MouseAudioDisplay.srcs/constrs_1/new/Basys3_Master.xdc]
INFO: [Opt 31-138] Pushed 0 inverter(s) to 0 load pin(s).
INFO: [Project 1-111] Unisim Transformation Summary:
No Unisim elements were transformed.

open_run: Time (s): cpu = 00:00:21 ; elapsed = 00:00:16 . Memory (MB): peak = 1295.648 ; gain = 399.867
launch_runs impl_1 -jobs 4
INFO: [Timing 38-480] Writing timing data to binary archive.
Writing placer database...
Writing XDEF routing.
Writing XDEF routing logical nets.
Writing XDEF routing special nets.
Write XDEF Complete: Time (s): cpu = 00:00:01 ; elapsed = 00:00:00.105 . Memory (MB): peak = 1749.555 ; gain = 0.828
[Fri Mar 24 15:06:38 2023] Launched impl_1...
Run output will be captured here: C:/Users/75635/Desktop/EE2026/team project/MouseAudioDisplay/MouseAudioDisplay.runs/impl_1/runme.log
launch_runs impl_1 -to_step write_bitstream -jobs 4
[Fri Mar 24 15:15:34 2023] Launched impl_1...
Run output will be captured here: C:/Users/75635/Desktop/EE2026/team project/MouseAudioDisplay/MouseAudioDisplay.runs/impl_1/runme.log
reset_run synth_1
launch_runs synth_1 -jobs 4
[Fri Mar 24 15:23:25 2023] Launched synth_1...
Run output will be captured here: C:/Users/75635/Desktop/EE2026/team project/MouseAudioDisplay/MouseAudioDisplay.runs/synth_1/runme.log
launch_runs impl_1 -jobs 4
WARNING: [Project 1-478] Design 'synth_1' is stale and will not be used when launching 'impl_1'
[Fri Mar 24 15:29:36 2023] Launched impl_1...
Run output will be captured here: C:/Users/75635/Desktop/EE2026/team project/MouseAudioDisplay/MouseAudioDisplay.runs/impl_1/runme.log
report_timing_summary -delay_type min_max -report_unconstrained -check_timing_verbose -max_paths 10 -input_pins -routable_nets -name timing_1
INFO: [Timing 38-35] Done setting XDC timing constraints.
INFO: [Timing 38-91] UpdateTimingParams: Speed grade: -1, Delay Type: min_max.
INFO: [Timing 38-191] Multithreading enabled for timing update using a maximum of 2 CPUs
launch_runs impl_1 -to_step write_bitstream -jobs 4
[Fri Mar 24 15:41:12 2023] Launched impl_1...
Run output will be captured here: C:/Users/75635/Desktop/EE2026/team project/MouseAudioDisplay/MouseAudioDisplay.runs/impl_1/runme.log
open_run impl_1
INFO: [Netlist 29-17] Analyzing 1045 Unisim elements for replacement
INFO: [Netlist 29-28] Unisim Transformation completed in 0 CPU seconds
INFO: [Project 1-479] Netlist was created with Vivado 2018.2
INFO: [Project 1-570] Preparing netlist for logic optimization
INFO: [Timing 38-478] Restoring timing data from binary archive.
INFO: [Timing 38-479] Binary timing data restore complete.
INFO: [Project 1-856] Restoring constraints from binary archive.
INFO: [Project 1-853] Binary constraint restore complete.
Reading XDEF placement.
Reading placer database...
Reading XDEF routing.
Read XDEF File: Time (s): cpu = 00:00:01 ; elapsed = 00:00:01 . Memory (MB): peak = 1993.523 ; gain = 0.000
Restored from archive | CPU: 1.000000 secs | Memory: 0.000000 MB |
Finished XDEF File Restore: Time (s): cpu = 00:00:01 ; elapsed = 00:00:01 . Memory (MB): peak = 1993.523 ; gain = 0.000
INFO: [Project 1-111] Unisim Transformation Summary:
No Unisim elements were transformed.

open_run: Time (s): cpu = 00:00:14 ; elapsed = 00:00:07 . Memory (MB): peak = 2051.617 ; gain = 226.023
CRITICAL WARNING: [Timing 38-282] The design failed to meet the timing requirements. Please see the timing summary report for details on the timing violations.
reset_run synth_1
launch_runs synth_1 -jobs 4
[Fri Mar 24 15:47:20 2023] Launched synth_1...
Run output will be captured here: C:/Users/75635/Desktop/EE2026/team project/MouseAudioDisplay/MouseAudioDisplay.runs/synth_1/runme.log
reset_run synth_1
launch_runs impl_1 -jobs 4
WARNING: [Project 1-478] Design 'synth_1' is stale and will not be used when launching 'impl_1'
[Fri Mar 24 15:51:42 2023] Launched synth_1...
Run output will be captured here: C:/Users/75635/Desktop/EE2026/team project/MouseAudioDisplay/MouseAudioDisplay.runs/synth_1/runme.log
[Fri Mar 24 15:51:42 2023] Launched impl_1...
Run output will be captured here: C:/Users/75635/Desktop/EE2026/team project/MouseAudioDisplay/MouseAudioDisplay.runs/impl_1/runme.log
reset_run synth_1
launch_runs synth_1 -jobs 4
[Fri Mar 24 16:05:58 2023] Launched synth_1...
Run output will be captured here: C:/Users/75635/Desktop/EE2026/team project/MouseAudioDisplay/MouseAudioDisplay.runs/synth_1/runme.log
reset_run synth_1
launch_runs synth_1 -jobs 4
[Fri Mar 24 16:12:42 2023] Launched synth_1...
Run output will be captured here: C:/Users/75635/Desktop/EE2026/team project/MouseAudioDisplay/MouseAudioDisplay.runs/synth_1/runme.log
launch_runs impl_1 -jobs 4
WARNING: [Project 1-478] Design 'synth_1' is stale and will not be used when launching 'impl_1'
[Fri Mar 24 16:17:22 2023] Launched impl_1...
Run output will be captured here: C:/Users/75635/Desktop/EE2026/team project/MouseAudioDisplay/MouseAudioDisplay.runs/impl_1/runme.log
launch_runs impl_1 -to_step write_bitstream -jobs 4
WARNING: [Vivado 12-872] Run step 'Design Initialization' is out-of-date.
[Fri Mar 24 16:24:46 2023] Launched impl_1...
Run output will be captured here: C:/Users/75635/Desktop/EE2026/team project/MouseAudioDisplay/MouseAudioDisplay.runs/impl_1/runme.log
reset_run synth_1
launch_runs synth_1 -jobs 4
[Fri Mar 24 16:31:49 2023] Launched synth_1...
Run output will be captured here: C:/Users/75635/Desktop/EE2026/team project/MouseAudioDisplay/MouseAudioDisplay.runs/synth_1/runme.log
reset_run synth_1
launch_runs synth_1 -jobs 4
[Fri Mar 24 16:37:05 2023] Launched synth_1...
Run output will be captured here: C:/Users/75635/Desktop/EE2026/team project/MouseAudioDisplay/MouseAudioDisplay.runs/synth_1/runme.log
launch_runs impl_1 -jobs 4
WARNING: [Project 1-478] Design 'synth_1' is stale and will not be used when launching 'impl_1'
[Fri Mar 24 16:42:14 2023] Launched impl_1...
Run output will be captured here: C:/Users/75635/Desktop/EE2026/team project/MouseAudioDisplay/MouseAudioDisplay.runs/impl_1/runme.log
launch_runs impl_1 -to_step write_bitstream -jobs 4
[Fri Mar 24 16:49:54 2023] Launched impl_1...
Run output will be captured here: C:/Users/75635/Desktop/EE2026/team project/MouseAudioDisplay/MouseAudioDisplay.runs/impl_1/runme.log
exit
INFO: [Common 17-206] Exiting Vivado at Fri Mar 24 16:52:43 2023...
