#-----------------------------------------------------------
# Vivado v2018.2 (64-bit)
# SW Build 2258646 on Thu Jun 14 20:03:12 MDT 2018
# IP Build 2256618 on Thu Jun 14 22:10:49 MDT 2018
# Start of session at: Fri Mar 24 13:31:27 2023
# Process ID: 7124
# Current directory: C:/Users/75635/Desktop/EE2026/team project/MouseAudioDisplay
# Command line: vivado.exe -gui_launcher_event rodinguilauncherevent10480 C:\Users\75635\Desktop\EE2026\team project\MouseAudioDisplay\MouseAudioDisplay.xpr
# Log file: C:/Users/75635/Desktop/EE2026/team project/MouseAudioDisplay/vivado.log
# Journal file: C:/Users/75635/Desktop/EE2026/team project/MouseAudioDisplay\vivado.jou
#-----------------------------------------------------------
start_gui
open_project {C:/Users/75635/Desktop/EE2026/team project/MouseAudioDisplay/MouseAudioDisplay.xpr}
INFO: [Project 1-313] Project file moved from 'D:/Documents/EE2026/MouseAudioDisplay' since last save.
Scanning sources...
Finished scanning sources
INFO: [IP_Flow 19-234] Refreshing IP repositories
INFO: [IP_Flow 19-1704] No user IP repositories specified
INFO: [IP_Flow 19-2313] Loaded Vivado IP repository 'D:/Xilinx/Vivado/2018.2/data/ip'.
open_project: Time (s): cpu = 00:00:27 ; elapsed = 00:00:14 . Memory (MB): peak = 829.152 ; gain = 91.461
update_compile_order -fileset sources_1
exit
INFO: [Common 17-206] Exiting Vivado at Fri Mar 24 13:34:21 2023...
