#-----------------------------------------------------------
# Vivado v2018.2 (64-bit)
# SW Build 2258646 on Thu Jun 14 20:03:12 MDT 2018
# IP Build 2256618 on Thu Jun 14 22:10:49 MDT 2018
# Start of session at: Wed Mar 22 00:41:56 2023
# Process ID: 20888
# Current directory: C:/Users/Nazrul/Desktop/MouseAudioDisplay.xpr/MouseAudioDisplay
# Command line: vivado.exe -gui_launcher_event rodinguilauncherevent23056 C:\Users\Nazrul\Desktop\MouseAudioDisplay.xpr\MouseAudioDisplay\MouseAudioDisplay.xpr
# Log file: C:/Users/Nazrul/Desktop/MouseAudioDisplay.xpr/MouseAudioDisplay/vivado.log
# Journal file: C:/Users/Nazrul/Desktop/MouseAudioDisplay.xpr/MouseAudioDisplay\vivado.jou
#-----------------------------------------------------------
start_guioopen_project C:/Users/Nazrul/Desktop/MouseAudioDisplay.xpr/MouseAudioDisplay/MouseAudioDisplay.xpr
Scanning sources...
Finished scanning sources
INFO: [IP_Flow 19-234] Refreshing IP repositories
INFO: [IP_Flow 19-1704] No user IP repositories specifiedIINFO: [IP_Flow 19-2313] Loaded Vivado IP repository 'C:/Xilinx/Vivado/2018.2/data/ip'.open_project: Time (s): cpu = 00:00:15 ; elapsed = 00:00:09 . Memory (MB): peak = 847.922 ; gain = 62.828
update_compile_order -fileset sources_1
exopen_project C:/Users/Nazrul/Downloads/artemis.xpr/MouseAudioDisplay/MouseAudioDisplay.xpr
Scanning sources...
Finished scanning sources
INFO: [IP_Flow 19-234] Refreshing IP repositories
INFO: [IP_Flow 19-1704] No user IP repositories specified
INFO: [IP_Flow 19-2313] Loaded Vivado IP repository 'C:/Xilinx/Vivado/2018.2/data/ip'.
update_compile_order -fileset sources_1
close_project
open_project C:/Users/Nazrul/Downloads/artemis.xpr/MouseAudioDisplay/MouseAudioDisplay.xpr
Scanning sources...
Finished scanning sources
INFO: [IP_Flow 19-234] Refreshing IP repositories
INFO: [IP_Flow 19-1704] No user IP repositories specified
INFO: [IP_Flow 19-2313] Loaded Vivado IP repository 'C:/Xilinx/Vivado/2018.2/data/ip'.
update_compile_order -fileset sources_1
current_project MouseAudioDisplay
close [ open C:/Users/Nazrul/Desktop/MouseAudioDisplay.xpr/MouseAudioDisplay/MouseAudioDisplay.srcs/sources_1/new/volume_bars.v w ]
add_files C:/Users/Nazrul/Desktop/MouseAudioDisplay.xpr/MouseAudioDisplay/MouseAudioDisplay.srcs/sources_1/new/volume_bars.v
update_compile_order -fileset sources_1
current_project MouseAudioDisplay(2)
current_project MouseAudioDisplay
close_project
exit
INFO: [Common 17-206] Exiting Vivado at Wed Mar 22 01:32:59 2023...
